2014-01-10 09:06:15.945 [main] ERROR o.s.test.context.TestContextManager - Caught exception while allowing TestExecutionListener [org.springframework.test.context.support.DependencyInjectionTestExecutionListener@139a0dc] to prepare test instance [com.ytoxl.module.yipin.base.service.UserInfoServiceTest@116318b]
java.lang.IllegalStateException: Failed to load ApplicationContext
	at org.springframework.test.context.TestContext.getApplicationContext(TestContext.java:308) ~[spring-test-3.0.5.RELEASE.jar:3.0.5.RELEASE]
	at org.springframework.test.context.support.DependencyInjectionTestExecutionListener.injectDependencies(DependencyInjectionTestExecutionListener.java:109) ~[spring-test-3.0.5.RELEASE.jar:3.0.5.RELEASE]
	at org.springframework.test.context.support.DependencyInjectionTestExecutionListener.prepareTestInstance(DependencyInjectionTestExecutionListener.java:75) ~[spring-test-3.0.5.RELEASE.jar:3.0.5.RELEASE]
	at org.springframework.test.context.TestContextManager.prepareTestInstance(TestContextManager.java:321) ~[spring-test-3.0.5.RELEASE.jar:3.0.5.RELEASE]
	at org.springframework.test.context.junit4.SpringJUnit4ClassRunner.createTest(SpringJUnit4ClassRunner.java:220) [spring-test-3.0.5.RELEASE.jar:3.0.5.RELEASE]
	at org.springframework.test.context.junit4.SpringJUnit4ClassRunner$1.runReflectiveCall(SpringJUnit4ClassRunner.java:301) [spring-test-3.0.5.RELEASE.jar:3.0.5.RELEASE]
	at org.junit.internal.runners.model.ReflectiveCallable.run(ReflectiveCallable.java:15) [junit-4.8.2.jar:na]
	at org.springframework.test.context.junit4.SpringJUnit4ClassRunner.methodBlock(SpringJUnit4ClassRunner.java:303) [spring-test-3.0.5.RELEASE.jar:3.0.5.RELEASE]
	at org.springframework.test.context.junit4.SpringJUnit4ClassRunner.runChild(SpringJUnit4ClassRunner.java:240) [spring-test-3.0.5.RELEASE.jar:3.0.5.RELEASE]
	at org.junit.runners.BlockJUnit4ClassRunner.runChild(BlockJUnit4ClassRunner.java:49) [junit-4.8.2.jar:na]
	at org.junit.runners.ParentRunner$3.run(ParentRunner.java:193) [junit-4.8.2.jar:na]
	at org.junit.runners.ParentRunner$1.schedule(ParentRunner.java:52) [junit-4.8.2.jar:na]
	at org.junit.runners.ParentRunner.runChildren(ParentRunner.java:191) [junit-4.8.2.jar:na]
	at org.junit.runners.ParentRunner.access$000(ParentRunner.java:42) [junit-4.8.2.jar:na]
	at org.junit.runners.ParentRunner$2.evaluate(ParentRunner.java:184) [junit-4.8.2.jar:na]
	at org.springframework.test.context.junit4.statements.RunBeforeTestClassCallbacks.evaluate(RunBeforeTestClassCallbacks.java:61) [spring-test-3.0.5.RELEASE.jar:3.0.5.RELEASE]
	at org.springframework.test.context.junit4.statements.RunAfterTestClassCallbacks.evaluate(RunAfterTestClassCallbacks.java:70) [spring-test-3.0.5.RELEASE.jar:3.0.5.RELEASE]
	at org.junit.runners.ParentRunner.run(ParentRunner.java:236) [junit-4.8.2.jar:na]
	at org.springframework.test.context.junit4.SpringJUnit4ClassRunner.run(SpringJUnit4ClassRunner.java:180) [spring-test-3.0.5.RELEASE.jar:3.0.5.RELEASE]
	at org.eclipse.jdt.internal.junit4.runner.JUnit4TestReference.run(JUnit4TestReference.java:49) [.cp/:na]
	at org.eclipse.jdt.internal.junit.runner.TestExecution.run(TestExecution.java:38) [.cp/:na]
	at org.eclipse.jdt.internal.junit.runner.RemoteTestRunner.runTests(RemoteTestRunner.java:467) [.cp/:na]
	at org.eclipse.jdt.internal.junit.runner.RemoteTestRunner.runTests(RemoteTestRunner.java:683) [.cp/:na]
	at org.eclipse.jdt.internal.junit.runner.RemoteTestRunner.run(RemoteTestRunner.java:390) [.cp/:na]
	at org.eclipse.jdt.internal.junit.runner.RemoteTestRunner.main(RemoteTestRunner.java:197) [.cp/:na]
Caused by: org.springframework.beans.factory.BeanCreationException: Error creating bean with name 'initRedisConfiguration' defined in URL [jar:file:/D:/ytodev/mvnrepo/com/ytoxl/module/common/ytoxlUser/0.1.2/ytoxlUser-0.1.2.jar!/com/ytoxl/module/session/redis/InitRedisConfiguration.class]: Invocation of init method failed; nested exception is java.lang.NumberFormatException: For input string: "${jedis.pool.maxActive}"
	at org.springframework.beans.factory.support.AbstractAutowireCapableBeanFactory.initializeBean(AbstractAutowireCapableBeanFactory.java:1420) ~[spring-beans-3.0.5.RELEASE.jar:3.0.5.RELEASE]
	at org.springframework.beans.factory.support.AbstractAutowireCapableBeanFactory.doCreateBean(AbstractAutowireCapableBeanFactory.java:519) ~[spring-beans-3.0.5.RELEASE.jar:3.0.5.RELEASE]
	at org.springframework.beans.factory.support.AbstractAutowireCapableBeanFactory.createBean(AbstractAutowireCapableBeanFactory.java:456) ~[spring-beans-3.0.5.RELEASE.jar:3.0.5.RELEASE]
	at org.springframework.beans.factory.support.AbstractBeanFactory$1.getObject(AbstractBeanFactory.java:291) ~[spring-beans-3.0.5.RELEASE.jar:3.0.5.RELEASE]
	at org.springframework.beans.factory.support.DefaultSingletonBeanRegistry.getSingleton(DefaultSingletonBeanRegistry.java:222) ~[spring-beans-3.0.5.RELEASE.jar:3.0.5.RELEASE]
	at org.springframework.beans.factory.support.AbstractBeanFactory.doGetBean(AbstractBeanFactory.java:288) ~[spring-beans-3.0.5.RELEASE.jar:3.0.5.RELEASE]
	at org.springframework.beans.factory.support.AbstractBeanFactory.getBean(AbstractBeanFactory.java:190) ~[spring-beans-3.0.5.RELEASE.jar:3.0.5.RELEASE]
	at org.springframework.beans.factory.support.DefaultListableBeanFactory.preInstantiateSingletons(DefaultListableBeanFactory.java:580) ~[spring-beans-3.0.5.RELEASE.jar:3.0.5.RELEASE]
	at org.springframework.context.support.AbstractApplicationContext.finishBeanFactoryInitialization(AbstractApplicationContext.java:895) ~[spring-context-3.0.5.RELEASE.jar:3.0.5.RELEASE]
	at org.springframework.context.support.AbstractApplicationContext.refresh(AbstractApplicationContext.java:425) ~[spring-context-3.0.5.RELEASE.jar:3.0.5.RELEASE]
	at org.springframework.test.context.support.AbstractGenericContextLoader.loadContext(AbstractGenericContextLoader.java:84) ~[spring-test-3.0.5.RELEASE.jar:3.0.5.RELEASE]
	at org.springframework.test.context.support.AbstractGenericContextLoader.loadContext(AbstractGenericContextLoader.java:1) ~[spring-test-3.0.5.RELEASE.jar:3.0.5.RELEASE]
	at org.springframework.test.context.TestContext.loadApplicationContext(TestContext.java:280) ~[spring-test-3.0.5.RELEASE.jar:3.0.5.RELEASE]
	at org.springframework.test.context.TestContext.getApplicationContext(TestContext.java:304) ~[spring-test-3.0.5.RELEASE.jar:3.0.5.RELEASE]
	... 24 common frames omitted
Caused by: java.lang.NumberFormatException: For input string: "${jedis.pool.maxActive}"
	at java.lang.NumberFormatException.forInputString(NumberFormatException.java:48) ~[na:1.6.0_26]
	at java.lang.Integer.parseInt(Integer.java:449) ~[na:1.6.0_26]
	at java.lang.Integer.valueOf(Integer.java:554) ~[na:1.6.0_26]
	at com.ytoxl.module.session.redis.CustomJedisPool.init(CustomJedisPool.java:36) ~[ytoxlUser-0.1.2.jar:na]
	at com.ytoxl.module.session.redis.RedisCacheObjectUtil.init(RedisCacheObjectUtil.java:24) ~[ytoxlUser-0.1.2.jar:na]
	at com.ytoxl.module.session.redis.InitRedisConfiguration.afterPropertiesSet(InitRedisConfiguration.java:54) ~[ytoxlUser-0.1.2.jar:na]
	at org.springframework.beans.factory.support.AbstractAutowireCapableBeanFactory.invokeInitMethods(AbstractAutowireCapableBeanFactory.java:1477) ~[spring-beans-3.0.5.RELEASE.jar:3.0.5.RELEASE]
	at org.springframework.beans.factory.support.AbstractAutowireCapableBeanFactory.initializeBean(AbstractAutowireCapableBeanFactory.java:1417) ~[spring-beans-3.0.5.RELEASE.jar:3.0.5.RELEASE]
	... 37 common frames omitted
